Build started 2013/3/15  15:54:10.
     1>Project "E:\JPEG2000\useful\Projects\openjpeg\LibOpenJPEG.vcxproj" on node 2 (build target(s)).
     1>InitializeBuildStatus:
         Touching ".\Debug\LibOpenJPEG.unsuccessfulbuild".
       ClCompile:
         All outputs are up-to-date.
       Link:
         D:\Microsoft Visual Studio 10.0\VC\bin\link.exe /ERRORREPORT:PROMPT /OUT:".\Debug\LibOpenJPEG.exe" /NOLOGO kernel32.lib user32.lib gdi32.lib winspool.lib comdlg32.lib advapi32.lib shell32.lib ole32.lib oleaut32.lib uuid.lib odbc32.lib odbccp32.lib /MANIFEST /ManifestFile:".\Debug\LibOpenJPEG.exe.intermediate.manifest" /MANIFESTUAC:"level='asInvoker' uiAccess='false'" /PDB:"E:\JPEG2000\useful\Projects\openjpeg\Debug\LibOpenJPEG.pdb" /TLBID:1 /DYNAMICBASE /NXCOMPAT /IMPLIB:".\Debug\LibOpenJPEG.lib" /MACHINE:X86 .\Debug\bio.obj
         .\Debug\cio.obj
         .\Debug\dwt.obj
         .\Debug\event.obj
         .\Debug\fix.obj
         .\Debug\image.obj
         .\Debug\int.obj
         .\Debug\j2k.obj
         .\Debug\j2k_lib.obj
         .\Debug\jp2.obj
         .\Debug\jpt.obj
         .\Debug\mct.obj
         .\Debug\mqc.obj
         .\Debug\openjpeg.obj
         .\Debug\pi.obj
         .\Debug\raw.obj
         .\Debug\t1.obj
         .\Debug\t2.obj
         .\Debug\tcd.obj
         .\Debug\tgt.obj
     1>bio.obj : warning LNK4075: ignoring '/EDITANDCONTINUE' due to '/OPT:ICF' specification
     1>LIBCMTD.lib(crt0.obj) : error LNK2019: unresolved external symbol _main referenced in function ___tmainCRTStartup
     1>.\Debug\LibOpenJPEG.exe : fatal error LNK1120: 1 unresolved externals
     1>Done Building Project "E:\JPEG2000\useful\Projects\openjpeg\LibOpenJPEG.vcxproj" (build target(s)) -- FAILED.

Build FAILED.

Time Elapsed 00:00:00.14
