Build started 2013/3/15  16:48:44.
     1>Project "E:\JPEG2000\useful\Projects\openjpeg\jpwl\decoder\jpwldec\j2k_to_image.vcxproj" on node 2 (build target(s)).
     1>InitializeBuildStatus:
         Creating ".\j2k_to_image___Win32_Debug\j2k_to_image.unsuccessfulbuild" because "AlwaysCreate" was specified.
       ClCompile:
         D:\Microsoft Visual Studio 10.0\VC\bin\CL.exe /c /I../libopenjpeg /ZI /nologo /W3 /WX- /Od /Oy- /D _DEBUG /D WIN32 /D _CONSOLE /D DONT_HAVE_GETOPT /D _MBCS /Gm- /EHsc /RTC1 /MTd /GS /fp:precise /Zc:wchar_t /Zc:forScope /Fo".\j2k_to_image___Win32_Debug/" /Fd".\j2k_to_image___Win32_Debug/vc100.pdb" /Gd /TC /analyze- /errorReport:prompt ..\libopenjpeg\bio.c ..\libopenjpeg\cio.c ..\libopenjpeg\dwt.c ..\libopenjpeg\fix.c compat\getopt.c ..\libopenjpeg\int.c ..\libopenjpeg\j2k.c j2k_to_image.c ..\libopenjpeg\jp2.c ..\libopenjpeg\jpt.c ..\libopenjpeg\jpw.c ..\libopenjpeg\mct.c ..\libopenjpeg\mqc.c ..\libopenjpeg\pi.c ..\libopenjpeg\raw.c ..\libopenjpeg\t1.c ..\libopenjpeg\t2.c ..\libopenjpeg\tcd.c ..\libopenjpeg\tgt.c
         bio.c
         cio.c
         dwt.c
         fix.c
         getopt.c
         int.c
         j2k.c
     1>e:\jpeg2000\useful\projects\openjpeg\jpwl\decoder\libopenjpeg\j2k.c : warning C4819: The file contains a character that cannot be represented in the current code page (936). Save the file in Unicode format to prevent data loss
     1>e:\jpeg2000\useful\projects\openjpeg\jpwl\decoder\libopenjpeg\j2k.c(303): warning C4996: 'sprintf': This function or variable may be unsafe. Consider using sprintf_s instead. To disable deprecation, use _CRT_SECURE_NO_WARNINGS. See online help for details.
                 d:\microsoft visual studio 10.0\vc\include\stdio.h(371) : see declaration of 'sprintf'
     1>e:\jpeg2000\useful\projects\openjpeg\jpwl\decoder\libopenjpeg\j2k.c(1009): warning C4996: 'fopen': This function or variable may be unsafe. Consider using fopen_s instead. To disable deprecation, use _CRT_SECURE_NO_WARNINGS. See online help for details.
                 d:\microsoft visual studio 10.0\vc\include\stdio.h(234) : see declaration of 'fopen'
     1>e:\jpeg2000\useful\projects\openjpeg\jpwl\decoder\libopenjpeg\j2k.c(1156): warning C4996: 'fopen': This function or variable may be unsafe. Consider using fopen_s instead. To disable deprecation, use _CRT_SECURE_NO_WARNINGS. See online help for details.
                 d:\microsoft visual studio 10.0\vc\include\stdio.h(234) : see declaration of 'fopen'
     1>e:\jpeg2000\useful\projects\openjpeg\jpwl\decoder\libopenjpeg\j2k.c(1561): warning C4996: 'fopen': This function or variable may be unsafe. Consider using fopen_s instead. To disable deprecation, use _CRT_SECURE_NO_WARNINGS. See online help for details.
                 d:\microsoft visual studio 10.0\vc\include\stdio.h(234) : see declaration of 'fopen'
     1>e:\jpeg2000\useful\projects\openjpeg\jpwl\decoder\libopenjpeg\j2k.c(1568): warning C4996: 'fopen': This function or variable may be unsafe. Consider using fopen_s instead. To disable deprecation, use _CRT_SECURE_NO_WARNINGS. See online help for details.
                 d:\microsoft visual studio 10.0\vc\include\stdio.h(234) : see declaration of 'fopen'
     1>e:\jpeg2000\useful\projects\openjpeg\jpwl\decoder\libopenjpeg\j2k.c(1590): warning C4018: '<' : signed/unsigned mismatch
     1>e:\jpeg2000\useful\projects\openjpeg\jpwl\decoder\libopenjpeg\j2k.c(1611): warning C4018: '<' : signed/unsigned mismatch
     1>e:\jpeg2000\useful\projects\openjpeg\jpwl\decoder\libopenjpeg\j2k.c(1637): warning C4018: '<' : signed/unsigned mismatch
         j2k_to_image.c
     1>e:\jpeg2000\useful\projects\openjpeg\jpwl\decoder\jpwldec\j2k_to_image.c(63): warning C4996: 'fopen': This function or variable may be unsafe. Consider using fopen_s instead. To disable deprecation, use _CRT_SECURE_NO_WARNINGS. See online help for details.
                 d:\microsoft visual studio 10.0\vc\include\stdio.h(234) : see declaration of 'fopen'
     1>e:\jpeg2000\useful\projects\openjpeg\jpwl\decoder\jpwldec\j2k_to_image.c(83): warning C4996: 'sscanf': This function or variable may be unsafe. Consider using sscanf_s instead. To disable deprecation, use _CRT_SECURE_NO_WARNINGS. See online help for details.
                 d:\microsoft visual studio 10.0\vc\include\stdio.h(325) : see declaration of 'sscanf'
     1>e:\jpeg2000\useful\projects\openjpeg\jpwl\decoder\jpwldec\j2k_to_image.c(206): warning C4996: 'fopen': This function or variable may be unsafe. Consider using fopen_s instead. To disable deprecation, use _CRT_SECURE_NO_WARNINGS. See online help for details.
                 d:\microsoft visual studio 10.0\vc\include\stdio.h(234) : see declaration of 'fopen'
     1>e:\jpeg2000\useful\projects\openjpeg\jpwl\decoder\jpwldec\j2k_to_image.c(257): warning C4996: 'sprintf': This function or variable may be unsafe. Consider using sprintf_s instead. To disable deprecation, use _CRT_SECURE_NO_WARNINGS. See online help for details.
                 d:\microsoft visual studio 10.0\vc\include\stdio.h(371) : see declaration of 'sprintf'
     1>e:\jpeg2000\useful\projects\openjpeg\jpwl\decoder\jpwldec\j2k_to_image.c(259): warning C4996: 'sprintf': This function or variable may be unsafe. Consider using sprintf_s instead. To disable deprecation, use _CRT_SECURE_NO_WARNINGS. See online help for details.
                 d:\microsoft visual studio 10.0\vc\include\stdio.h(371) : see declaration of 'sprintf'
     1>e:\jpeg2000\useful\projects\openjpeg\jpwl\decoder\jpwldec\j2k_to_image.c(261): warning C4996: 'fopen': This function or variable may be unsafe. Consider using fopen_s instead. To disable deprecation, use _CRT_SECURE_NO_WARNINGS. See online help for details.
                 d:\microsoft visual studio 10.0\vc\include\stdio.h(234) : see declaration of 'fopen'
     1>e:\jpeg2000\useful\projects\openjpeg\jpwl\decoder\jpwldec\j2k_to_image.c(321): warning C4996: 'sprintf': This function or variable may be unsafe. Consider using sprintf_s instead. To disable deprecation, use _CRT_SECURE_NO_WARNINGS. See online help for details.
                 d:\microsoft visual studio 10.0\vc\include\stdio.h(371) : see declaration of 'sprintf'
     1>e:\jpeg2000\useful\projects\openjpeg\jpwl\decoder\jpwldec\j2k_to_image.c(327): warning C4996: 'fopen': This function or variable may be unsafe. Consider using fopen_s instead. To disable deprecation, use _CRT_SECURE_NO_WARNINGS. See online help for details.
                 d:\microsoft visual studio 10.0\vc\include\stdio.h(234) : see declaration of 'fopen'
     1>e:\jpeg2000\useful\projects\openjpeg\jpwl\decoder\jpwldec\j2k_to_image.c(384): warning C4996: 'fopen': This function or variable may be unsafe. Consider using fopen_s instead. To disable deprecation, use _CRT_SECURE_NO_WARNINGS. See online help for details.
                 d:\microsoft visual studio 10.0\vc\include\stdio.h(234) : see declaration of 'fopen'
     1>e:\jpeg2000\useful\projects\openjpeg\jpwl\decoder\jpwldec\j2k_to_image.c(473): warning C4996: 'fopen': This function or variable may be unsafe. Consider using fopen_s instead. To disable deprecation, use _CRT_SECURE_NO_WARNINGS. See online help for details.
                 d:\microsoft visual studio 10.0\vc\include\stdio.h(234) : see declaration of 'fopen'
         jp2.c
     1>e:\jpeg2000\useful\projects\openjpeg\jpwl\decoder\libopenjpeg\jp2.c(142): warning C4996: 'sprintf': This function or variable may be unsafe. Consider using sprintf_s instead. To disable deprecation, use _CRT_SECURE_NO_WARNINGS. See online help for details.
                 d:\microsoft visual studio 10.0\vc\include\stdio.h(371) : see declaration of 'sprintf'
         jpt.c
         jpw.c
     1>e:\jpeg2000\useful\projects\openjpeg\jpwl\decoder\libopenjpeg\jpw.c : warning C4819: The file contains a character that cannot be represented in the current code page (936). Save the file in Unicode format to prevent data loss
     1>e:\jpeg2000\useful\projects\openjpeg\jpwl\decoder\libopenjpeg\jpw.c(220): warning C4996: 'fopen': This function or variable may be unsafe. Consider using fopen_s instead. To disable deprecation, use _CRT_SECURE_NO_WARNINGS. See online help for details.
                 d:\microsoft visual studio 10.0\vc\include\stdio.h(234) : see declaration of 'fopen'
     1>e:\jpeg2000\useful\projects\openjpeg\jpwl\decoder\libopenjpeg\jpw.c(225): warning C4018: '<' : signed/unsigned mismatch
     1>e:\jpeg2000\useful\projects\openjpeg\jpwl\decoder\libopenjpeg\jpw.c(585): warning C4996: 'fopen': This function or variable may be unsafe. Consider using fopen_s instead. To disable deprecation, use _CRT_SECURE_NO_WARNINGS. See online help for details.
                 d:\microsoft visual studio 10.0\vc\include\stdio.h(234) : see declaration of 'fopen'
     1>e:\jpeg2000\useful\projects\openjpeg\jpwl\decoder\libopenjpeg\jpw.c(598): warning C4996: 'fopen': This function or variable may be unsafe. Consider using fopen_s instead. To disable deprecation, use _CRT_SECURE_NO_WARNINGS. See online help for details.
                 d:\microsoft visual studio 10.0\vc\include\stdio.h(234) : see declaration of 'fopen'
     1>e:\jpeg2000\useful\projects\openjpeg\jpwl\decoder\libopenjpeg\jpw.c(660): warning C4018: '<' : signed/unsigned mismatch
     1>e:\jpeg2000\useful\projects\openjpeg\jpwl\decoder\libopenjpeg\jpw.c(708): warning C4018: '<' : signed/unsigned mismatch
     1>e:\jpeg2000\useful\projects\openjpeg\jpwl\decoder\libopenjpeg\jpw.c(717): warning C4018: '<' : signed/unsigned mismatch
     1>e:\jpeg2000\useful\projects\openjpeg\jpwl\decoder\libopenjpeg\jpw.c(857): warning C4819: The file contains a character that cannot be represented in the current code page (936). Save the file in Unicode format to prevent data loss
     1>e:\jpeg2000\useful\projects\openjpeg\jpwl\decoder\libopenjpeg\jpw.c(858): warning C4018: '<' : signed/unsigned mismatch
     1>e:\jpeg2000\useful\projects\openjpeg\jpwl\decoder\libopenjpeg\jpw.c(965): warning C4018: '<' : signed/unsigned mismatch
     1>e:\jpeg2000\useful\projects\openjpeg\jpwl\decoder\libopenjpeg\jpw.c(1102): warning C4018: '<' : signed/unsigned mismatch
     1>e:\jpeg2000\useful\projects\openjpeg\jpwl\decoder\libopenjpeg\jpw.c(1117): warning C4018: '<' : signed/unsigned mismatch
     1>e:\jpeg2000\useful\projects\openjpeg\jpwl\decoder\libopenjpeg\jpw.c(1221): warning C4018: '<' : signed/unsigned mismatch
     1>e:\jpeg2000\useful\projects\openjpeg\jpwl\decoder\libopenjpeg\jpw.c(1330): warning C4018: '<' : signed/unsigned mismatch
     1>e:\jpeg2000\useful\projects\openjpeg\jpwl\decoder\libopenjpeg\jpw.c(1424): warning C4018: '<' : signed/unsigned mismatch
     1>e:\jpeg2000\useful\projects\openjpeg\jpwl\decoder\libopenjpeg\jpw.c(1479): warning C4018: '<' : signed/unsigned mismatch
     1>e:\jpeg2000\useful\projects\openjpeg\jpwl\decoder\libopenjpeg\jpw.c(1664): warning C4018: '<' : signed/unsigned mismatch
     1>e:\jpeg2000\useful\projects\openjpeg\jpwl\decoder\libopenjpeg\jpw.c(1697): warning C4018: '<' : signed/unsigned mismatch
     1>e:\jpeg2000\useful\projects\openjpeg\jpwl\decoder\libopenjpeg\jpw.c(1711): warning C4819: The file contains a character that cannot be represented in the current code page (936). Save the file in Unicode format to prevent data loss
     1>e:\jpeg2000\useful\projects\openjpeg\jpwl\decoder\libopenjpeg\jpw.c(1779): warning C4018: '<' : signed/unsigned mismatch
     1>e:\jpeg2000\useful\projects\openjpeg\jpwl\decoder\libopenjpeg\jpw.c(1857): warning C4018: '<' : signed/unsigned mismatch
     1>e:\jpeg2000\useful\projects\openjpeg\jpwl\decoder\libopenjpeg\jpw.c(2034): warning C4018: '<' : signed/unsigned mismatch
     1>e:\jpeg2000\useful\projects\openjpeg\jpwl\decoder\libopenjpeg\jpw.c(2141): warning C4018: '<' : signed/unsigned mismatch
     1>e:\jpeg2000\useful\projects\openjpeg\jpwl\decoder\libopenjpeg\jpw.c(2261): warning C4018: '<' : signed/unsigned mismatch
     1>e:\jpeg2000\useful\projects\openjpeg\jpwl\decoder\libopenjpeg\jpw.c(2275): warning C4018: '<' : signed/unsigned mismatch
     1>e:\jpeg2000\useful\projects\openjpeg\jpwl\decoder\libopenjpeg\jpw.c(2360): warning C4018: '<' : signed/unsigned mismatch
     1>e:\jpeg2000\useful\projects\openjpeg\jpwl\decoder\libopenjpeg\jpw.c(2463): warning C4018: '<' : signed/unsigned mismatch
     1>e:\jpeg2000\useful\projects\openjpeg\jpwl\decoder\libopenjpeg\jpw.c(1911): warning C4101: 'prova' : unreferenced local variable
     1>e:\jpeg2000\useful\projects\openjpeg\jpwl\decoder\libopenjpeg\jpw.c(2595): warning C4819: The file contains a character that cannot be represented in the current code page (936). Save the file in Unicode format to prevent data loss
     1>e:\jpeg2000\useful\projects\openjpeg\jpwl\decoder\libopenjpeg\jpw.c(2628): warning C4018: '<' : signed/unsigned mismatch
     1>e:\jpeg2000\useful\projects\openjpeg\jpwl\decoder\libopenjpeg\jpw.c(2674): warning C4018: '<' : signed/unsigned mismatch
     1>e:\jpeg2000\useful\projects\openjpeg\jpwl\decoder\libopenjpeg\jpw.c(2834): warning C4018: '<' : signed/unsigned mismatch
     1>e:\jpeg2000\useful\projects\openjpeg\jpwl\decoder\libopenjpeg\jpw.c(2864): warning C4018: '<' : signed/unsigned mismatch
     1>e:\jpeg2000\useful\projects\openjpeg\jpwl\decoder\libopenjpeg\jpw.c(2933): warning C4018: '<' : signed/unsigned mismatch
     1>e:\jpeg2000\useful\projects\openjpeg\jpwl\decoder\libopenjpeg\jpw.c(3007): warning C4018: '<' : signed/unsigned mismatch
     1>e:\jpeg2000\useful\projects\openjpeg\jpwl\decoder\libopenjpeg\jpw.c(2545): warning C4101: 'pepb' : unreferenced local variable
     1>e:\jpeg2000\useful\projects\openjpeg\jpwl\decoder\libopenjpeg\jpw.c(2545): warning C4101: 'ldpepb' : unreferenced local variable
         mct.c
         mqc.c
         pi.c
         raw.c
         t1.c
         t2.c
         tcd.c
     1>e:\jpeg2000\useful\projects\openjpeg\jpwl\decoder\libopenjpeg\tcd.c(1189): warning C4996: 'sprintf': This function or variable may be unsafe. Consider using sprintf_s instead. To disable deprecation, use _CRT_SECURE_NO_WARNINGS. See online help for details.
                 d:\microsoft visual studio 10.0\vc\include\stdio.h(371) : see declaration of 'sprintf'
     1>e:\jpeg2000\useful\projects\openjpeg\jpwl\decoder\libopenjpeg\tcd.c(1190): warning C4996: 'fopen': This function or variable may be unsafe. Consider using fopen_s instead. To disable deprecation, use _CRT_SECURE_NO_WARNINGS. See online help for details.
                 d:\microsoft visual studio 10.0\vc\include\stdio.h(234) : see declaration of 'fopen'
     1>e:\jpeg2000\useful\projects\openjpeg\jpwl\decoder\libopenjpeg\tcd.c(1349): warning C4996: 'sprintf': This function or variable may be unsafe. Consider using sprintf_s instead. To disable deprecation, use _CRT_SECURE_NO_WARNINGS. See online help for details.
                 d:\microsoft visual studio 10.0\vc\include\stdio.h(371) : see declaration of 'sprintf'
     1>e:\jpeg2000\useful\projects\openjpeg\jpwl\decoder\libopenjpeg\tcd.c(1350): warning C4996: 'fopen': This function or variable may be unsafe. Consider using fopen_s instead. To disable deprecation, use _CRT_SECURE_NO_WARNINGS. See online help for details.
                 d:\microsoft visual studio 10.0\vc\include\stdio.h(234) : see declaration of 'fopen'
     1>e:\jpeg2000\useful\projects\openjpeg\jpwl\decoder\libopenjpeg\tcd.c(1359): warning C4996: 'fscanf': This function or variable may be unsafe. Consider using fscanf_s instead. To disable deprecation, use _CRT_SECURE_NO_WARNINGS. See online help for details.
                 d:\microsoft visual studio 10.0\vc\include\stdio.h(253) : see declaration of 'fscanf'
     1>e:\jpeg2000\useful\projects\openjpeg\jpwl\decoder\libopenjpeg\tcd.c(1365): warning C4996: 'fscanf': This function or variable may be unsafe. Consider using fscanf_s instead. To disable deprecation, use _CRT_SECURE_NO_WARNINGS. See online help for details.
                 d:\microsoft visual studio 10.0\vc\include\stdio.h(253) : see declaration of 'fscanf'
     1>e:\jpeg2000\useful\projects\openjpeg\jpwl\decoder\libopenjpeg\tcd.c(1369): warning C4996: 'fscanf': This function or variable may be unsafe. Consider using fscanf_s instead. To disable deprecation, use _CRT_SECURE_NO_WARNINGS. See online help for details.
                 d:\microsoft visual studio 10.0\vc\include\stdio.h(253) : see declaration of 'fscanf'
     1>e:\jpeg2000\useful\projects\openjpeg\jpwl\decoder\libopenjpeg\tcd.c(1376): warning C4996: 'fscanf': This function or variable may be unsafe. Consider using fscanf_s instead. To disable deprecation, use _CRT_SECURE_NO_WARNINGS. See online help for details.
                 d:\microsoft visual studio 10.0\vc\include\stdio.h(253) : see declaration of 'fscanf'
         tgt.c
         Generating Code...
       ManifestResourceCompile:
         C:\Program Files (x86)\Microsoft SDKs\Windows\v7.0A\bin\rc.exe /nologo /fo".\j2k_to_image___Win32_Debug\j2k_to_image.exe.embed.manifest.res" .\j2k_to_image___Win32_Debug\j2k_to_image_manifest.rc 
       Link:
         D:\Microsoft Visual Studio 10.0\VC\bin\link.exe /ERRORREPORT:PROMPT /OUT:".\j2k_to_image___Win32_Debug/j2k_to_image.exe" /INCREMENTAL /NOLOGO odbc32.lib odbccp32.lib kernel32.lib user32.lib gdi32.lib winspool.lib comdlg32.lib advapi32.lib shell32.lib ole32.lib oleaut32.lib uuid.lib odbc32.lib odbccp32.lib /MANIFEST /ManifestFile:".\j2k_to_image___Win32_Debug\j2k_to_image.exe.intermediate.manifest" /MANIFESTUAC:"level='asInvoker' uiAccess='false'" /DEBUG /PDB:".\j2k_to_image___Win32_Debug/j2k_to_image.pdb" /SUBSYSTEM:CONSOLE /TLBID:1 /DYNAMICBASE /NXCOMPAT /IMPLIB:".\j2k_to_image___Win32_Debug\j2k_to_image.lib" /MACHINE:X86 .\j2k_to_image___Win32_Debug\j2k_to_image.exe.embed.manifest.res
         .\j2k_to_image___Win32_Debug/bio.obj
         .\j2k_to_image___Win32_Debug/cio.obj
         .\j2k_to_image___Win32_Debug/dwt.obj
         .\j2k_to_image___Win32_Debug/fix.obj
         .\j2k_to_image___Win32_Debug/getopt.obj
         .\j2k_to_image___Win32_Debug/int.obj
         .\j2k_to_image___Win32_Debug/j2k.obj
         .\j2k_to_image___Win32_Debug/j2k_to_image.obj
         .\j2k_to_image___Win32_Debug/jp2.obj
         .\j2k_to_image___Win32_Debug/jpt.obj
         .\j2k_to_image___Win32_Debug/jpw.obj
         .\j2k_to_image___Win32_Debug/mct.obj
         .\j2k_to_image___Win32_Debug/mqc.obj
         .\j2k_to_image___Win32_Debug/pi.obj
         .\j2k_to_image___Win32_Debug/raw.obj
         .\j2k_to_image___Win32_Debug/t1.obj
         .\j2k_to_image___Win32_Debug/t2.obj
         .\j2k_to_image___Win32_Debug/tcd.obj
         .\j2k_to_image___Win32_Debug/tgt.obj /MACHINE:I386 
       Manifest:
         C:\Program Files (x86)\Microsoft SDKs\Windows\v7.0A\bin\mt.exe /nologo /verbose /out:".\j2k_to_image___Win32_Debug\j2k_to_image.exe.embed.manifest" /manifest .\j2k_to_image___Win32_Debug\j2k_to_image.exe.intermediate.manifest
         C:\Program Files (x86)\Microsoft SDKs\Windows\v7.0A\bin\rc.exe /nologo /fo".\j2k_to_image___Win32_Debug\j2k_to_image.exe.embed.manifest.res" .\j2k_to_image___Win32_Debug\j2k_to_image_manifest.rc 
       LinkEmbedManifest:
         D:\Microsoft Visual Studio 10.0\VC\bin\link.exe /ERRORREPORT:PROMPT /OUT:".\j2k_to_image___Win32_Debug/j2k_to_image.exe" /INCREMENTAL /NOLOGO odbc32.lib odbccp32.lib kernel32.lib user32.lib gdi32.lib winspool.lib comdlg32.lib advapi32.lib shell32.lib ole32.lib oleaut32.lib uuid.lib odbc32.lib odbccp32.lib /MANIFEST /ManifestFile:".\j2k_to_image___Win32_Debug\j2k_to_image.exe.intermediate.manifest" /MANIFESTUAC:"level='asInvoker' uiAccess='false'" /DEBUG /PDB:".\j2k_to_image___Win32_Debug/j2k_to_image.pdb" /SUBSYSTEM:CONSOLE /TLBID:1 /DYNAMICBASE /NXCOMPAT /IMPLIB:".\j2k_to_image___Win32_Debug\j2k_to_image.lib" /MACHINE:X86 .\j2k_to_image___Win32_Debug\j2k_to_image.exe.embed.manifest.res
         .\j2k_to_image___Win32_Debug/bio.obj
         .\j2k_to_image___Win32_Debug/cio.obj
         .\j2k_to_image___Win32_Debug/dwt.obj
         .\j2k_to_image___Win32_Debug/fix.obj
         .\j2k_to_image___Win32_Debug/getopt.obj
         .\j2k_to_image___Win32_Debug/int.obj
         .\j2k_to_image___Win32_Debug/j2k.obj
         .\j2k_to_image___Win32_Debug/j2k_to_image.obj
         .\j2k_to_image___Win32_Debug/jp2.obj
         .\j2k_to_image___Win32_Debug/jpt.obj
         .\j2k_to_image___Win32_Debug/jpw.obj
         .\j2k_to_image___Win32_Debug/mct.obj
         .\j2k_to_image___Win32_Debug/mqc.obj
         .\j2k_to_image___Win32_Debug/pi.obj
         .\j2k_to_image___Win32_Debug/raw.obj
         .\j2k_to_image___Win32_Debug/t1.obj
         .\j2k_to_image___Win32_Debug/t2.obj
         .\j2k_to_image___Win32_Debug/tcd.obj
         .\j2k_to_image___Win32_Debug/tgt.obj /MACHINE:I386 
         j2k_to_image.vcxproj -> E:\JPEG2000\useful\Projects\openjpeg\jpwl\decoder\jpwldec\.\j2k_to_image___Win32_Debug\j2k_to_image.exe
       FinalizeBuildStatus:
         Deleting file ".\j2k_to_image___Win32_Debug\j2k_to_image.unsuccessfulbuild".
         Touching ".\j2k_to_image___Win32_Debug\j2k_to_image.lastbuildstate".
     1>Done Building Project "E:\JPEG2000\useful\Projects\openjpeg\jpwl\decoder\jpwldec\j2k_to_image.vcxproj" (build target(s)).

Build succeeded.

Time Elapsed 00:00:15.12
