Build started 3/27/2013 00:39:37.
     1>Project "E:\task\JPEG2000\Projects\openjpeg\jpwl\encoder\jpwlenc\image_to_j2k.vcxproj" on node 2 (build target(s)).
     1>InitializeBuildStatus:
         Creating ".\Debug\image_to_j2k.unsuccessfulbuild" because "AlwaysCreate" was specified.
       ClCompile:
         All outputs are up-to-date.
       ManifestResourceCompile:
         All outputs are up-to-date.
       Link:
         All outputs are up-to-date.
       Manifest:
         All outputs are up-to-date.
       BscMake:
         All outputs are up-to-date.
       FinalizeBuildStatus:
         Deleting file ".\Debug\image_to_j2k.unsuccessfulbuild".
         Touching ".\Debug\image_to_j2k.lastbuildstate".
     1>Done Building Project "E:\task\JPEG2000\Projects\openjpeg\jpwl\encoder\jpwlenc\image_to_j2k.vcxproj" (build target(s)).

Build succeeded.

Time Elapsed 00:00:00.23
