.\Debug\image_to_j2k.bsc
.\Debug\image_to_j2k.ilk
.\Debug\image_to_j2k.pdb
E:\JPEG2000\useful\Projects\openjpeg\jpwl\encoder\jpwlenc\.\Debug\image_to_j2k.exe
E:\JPEG2000\useful\Projects\openjpeg\jpwl\encoder\jpwlenc\.\Debug\image_to_j2k.exe.intermediate.manifest
E:\JPEG2000\USEFUL\PROJECTS\OPENJPEG\JPWL\ENCODER\JPWLENC\DEBUG\BIO.OBJ
E:\JPEG2000\USEFUL\PROJECTS\OPENJPEG\JPWL\ENCODER\JPWLENC\DEBUG\BIO.SBR
E:\JPEG2000\useful\Projects\openjpeg\jpwl\encoder\jpwlenc\Debug\BscMake.command.1.tlog
E:\JPEG2000\useful\Projects\openjpeg\jpwl\encoder\jpwlenc\Debug\bscmake.read.1.tlog
E:\JPEG2000\useful\Projects\openjpeg\jpwl\encoder\jpwlenc\Debug\bscmake.write.1.tlog
E:\JPEG2000\USEFUL\PROJECTS\OPENJPEG\JPWL\ENCODER\JPWLENC\DEBUG\CIO.OBJ
E:\JPEG2000\USEFUL\PROJECTS\OPENJPEG\JPWL\ENCODER\JPWLENC\DEBUG\CIO.SBR
E:\JPEG2000\useful\Projects\openjpeg\jpwl\encoder\jpwlenc\Debug\cl.command.1.tlog
E:\JPEG2000\useful\Projects\openjpeg\jpwl\encoder\jpwlenc\Debug\CL.read.1.tlog
E:\JPEG2000\useful\Projects\openjpeg\jpwl\encoder\jpwlenc\Debug\CL.write.1.tlog
E:\JPEG2000\USEFUL\PROJECTS\OPENJPEG\JPWL\ENCODER\JPWLENC\DEBUG\CONVERT.OBJ
E:\JPEG2000\USEFUL\PROJECTS\OPENJPEG\JPWL\ENCODER\JPWLENC\DEBUG\CONVERT.SBR
E:\JPEG2000\USEFUL\PROJECTS\OPENJPEG\JPWL\ENCODER\JPWLENC\DEBUG\DWT.OBJ
E:\JPEG2000\USEFUL\PROJECTS\OPENJPEG\JPWL\ENCODER\JPWLENC\DEBUG\DWT.SBR
E:\JPEG2000\USEFUL\PROJECTS\OPENJPEG\JPWL\ENCODER\JPWLENC\DEBUG\FIX.OBJ
E:\JPEG2000\USEFUL\PROJECTS\OPENJPEG\JPWL\ENCODER\JPWLENC\DEBUG\FIX.SBR
E:\JPEG2000\USEFUL\PROJECTS\OPENJPEG\JPWL\ENCODER\JPWLENC\DEBUG\GETOPT.OBJ
E:\JPEG2000\USEFUL\PROJECTS\OPENJPEG\JPWL\ENCODER\JPWLENC\DEBUG\GETOPT.SBR
E:\JPEG2000\USEFUL\PROJECTS\OPENJPEG\JPWL\ENCODER\JPWLENC\DEBUG\IMAGE_TO_J2K.BSC
E:\JPEG2000\USEFUL\PROJECTS\OPENJPEG\JPWL\ENCODER\JPWLENC\DEBUG\IMAGE_TO_J2K.EXE
E:\JPEG2000\USEFUL\PROJECTS\OPENJPEG\JPWL\ENCODER\JPWLENC\DEBUG\IMAGE_TO_J2K.EXE.EMBED.MANIFEST
E:\JPEG2000\USEFUL\PROJECTS\OPENJPEG\JPWL\ENCODER\JPWLENC\DEBUG\IMAGE_TO_J2K.EXE.EMBED.MANIFEST.RES
E:\JPEG2000\USEFUL\PROJECTS\OPENJPEG\JPWL\ENCODER\JPWLENC\DEBUG\IMAGE_TO_J2K.EXE.INTERMEDIATE.MANIFEST
E:\JPEG2000\USEFUL\PROJECTS\OPENJPEG\JPWL\ENCODER\JPWLENC\DEBUG\IMAGE_TO_J2K.ILK
E:\JPEG2000\USEFUL\PROJECTS\OPENJPEG\JPWL\ENCODER\JPWLENC\DEBUG\IMAGE_TO_J2K.OBJ
E:\JPEG2000\USEFUL\PROJECTS\OPENJPEG\JPWL\ENCODER\JPWLENC\DEBUG\IMAGE_TO_J2K.PDB
E:\JPEG2000\USEFUL\PROJECTS\OPENJPEG\JPWL\ENCODER\JPWLENC\DEBUG\IMAGE_TO_J2K.SBR
E:\JPEG2000\useful\Projects\openjpeg\jpwl\encoder\jpwlenc\Debug\image_to_j2k_manifest.rc
E:\JPEG2000\USEFUL\PROJECTS\OPENJPEG\JPWL\ENCODER\JPWLENC\DEBUG\INT.OBJ
E:\JPEG2000\USEFUL\PROJECTS\OPENJPEG\JPWL\ENCODER\JPWLENC\DEBUG\INT.SBR
E:\JPEG2000\USEFUL\PROJECTS\OPENJPEG\JPWL\ENCODER\JPWLENC\DEBUG\J2K.OBJ
E:\JPEG2000\USEFUL\PROJECTS\OPENJPEG\JPWL\ENCODER\JPWLENC\DEBUG\J2K.SBR
E:\JPEG2000\USEFUL\PROJECTS\OPENJPEG\JPWL\ENCODER\JPWLENC\DEBUG\JP2.OBJ
E:\JPEG2000\USEFUL\PROJECTS\OPENJPEG\JPWL\ENCODER\JPWLENC\DEBUG\JP2.SBR
E:\JPEG2000\USEFUL\PROJECTS\OPENJPEG\JPWL\ENCODER\JPWLENC\DEBUG\JPT.OBJ
E:\JPEG2000\USEFUL\PROJECTS\OPENJPEG\JPWL\ENCODER\JPWLENC\DEBUG\JPT.SBR
E:\JPEG2000\USEFUL\PROJECTS\OPENJPEG\JPWL\ENCODER\JPWLENC\DEBUG\JPW.OBJ
E:\JPEG2000\USEFUL\PROJECTS\OPENJPEG\JPWL\ENCODER\JPWLENC\DEBUG\JPW.SBR
E:\JPEG2000\useful\Projects\openjpeg\jpwl\encoder\jpwlenc\Debug\link.5176.read.1.tlog
E:\JPEG2000\useful\Projects\openjpeg\jpwl\encoder\jpwlenc\Debug\link.5176.write.1.tlog
E:\JPEG2000\useful\Projects\openjpeg\jpwl\encoder\jpwlenc\Debug\link.5176-cvtres.read.1.tlog
E:\JPEG2000\useful\Projects\openjpeg\jpwl\encoder\jpwlenc\Debug\link.5176-cvtres.write.1.tlog
E:\JPEG2000\useful\Projects\openjpeg\jpwl\encoder\jpwlenc\Debug\link.592.read.1.tlog
E:\JPEG2000\useful\Projects\openjpeg\jpwl\encoder\jpwlenc\Debug\link.592.write.1.tlog
E:\JPEG2000\useful\Projects\openjpeg\jpwl\encoder\jpwlenc\Debug\link.592-cvtres.read.1.tlog
E:\JPEG2000\useful\Projects\openjpeg\jpwl\encoder\jpwlenc\Debug\link.592-cvtres.write.1.tlog
E:\JPEG2000\useful\Projects\openjpeg\jpwl\encoder\jpwlenc\Debug\link.6648.read.1.tlog
E:\JPEG2000\useful\Projects\openjpeg\jpwl\encoder\jpwlenc\Debug\link.6648.write.1.tlog
E:\JPEG2000\useful\Projects\openjpeg\jpwl\encoder\jpwlenc\Debug\link.9376.read.1.tlog
E:\JPEG2000\useful\Projects\openjpeg\jpwl\encoder\jpwlenc\Debug\link.9376.write.1.tlog
E:\JPEG2000\useful\Projects\openjpeg\jpwl\encoder\jpwlenc\Debug\link.9376-cvtres.read.1.tlog
E:\JPEG2000\useful\Projects\openjpeg\jpwl\encoder\jpwlenc\Debug\link.9376-cvtres.write.1.tlog
E:\JPEG2000\useful\Projects\openjpeg\jpwl\encoder\jpwlenc\Debug\link.command.1.tlog
E:\JPEG2000\useful\Projects\openjpeg\jpwl\encoder\jpwlenc\Debug\link.read.1.tlog
E:\JPEG2000\useful\Projects\openjpeg\jpwl\encoder\jpwlenc\Debug\link.write.1.tlog
E:\JPEG2000\useful\Projects\openjpeg\jpwl\encoder\jpwlenc\Debug\link-cvtres.read.1.tlog
E:\JPEG2000\useful\Projects\openjpeg\jpwl\encoder\jpwlenc\Debug\link-cvtres.write.1.tlog
E:\JPEG2000\USEFUL\PROJECTS\OPENJPEG\JPWL\ENCODER\JPWLENC\DEBUG\MCT.OBJ
E:\JPEG2000\USEFUL\PROJECTS\OPENJPEG\JPWL\ENCODER\JPWLENC\DEBUG\MCT.SBR
E:\JPEG2000\USEFUL\PROJECTS\OPENJPEG\JPWL\ENCODER\JPWLENC\DEBUG\MQC.OBJ
E:\JPEG2000\USEFUL\PROJECTS\OPENJPEG\JPWL\ENCODER\JPWLENC\DEBUG\MQC.SBR
E:\JPEG2000\useful\Projects\openjpeg\jpwl\encoder\jpwlenc\Debug\mt.command.1.tlog
E:\JPEG2000\useful\Projects\openjpeg\jpwl\encoder\jpwlenc\Debug\mt.read.1.tlog
E:\JPEG2000\useful\Projects\openjpeg\jpwl\encoder\jpwlenc\Debug\mt.write.1.tlog
E:\JPEG2000\USEFUL\PROJECTS\OPENJPEG\JPWL\ENCODER\JPWLENC\DEBUG\PI.OBJ
E:\JPEG2000\USEFUL\PROJECTS\OPENJPEG\JPWL\ENCODER\JPWLENC\DEBUG\PI.SBR
E:\JPEG2000\USEFUL\PROJECTS\OPENJPEG\JPWL\ENCODER\JPWLENC\DEBUG\RAW.OBJ
E:\JPEG2000\USEFUL\PROJECTS\OPENJPEG\JPWL\ENCODER\JPWLENC\DEBUG\RAW.SBR
E:\JPEG2000\useful\Projects\openjpeg\jpwl\encoder\jpwlenc\Debug\rc.command.1.tlog
E:\JPEG2000\useful\Projects\openjpeg\jpwl\encoder\jpwlenc\Debug\rc.read.1.tlog
E:\JPEG2000\useful\Projects\openjpeg\jpwl\encoder\jpwlenc\Debug\rc.write.1.tlog
E:\JPEG2000\USEFUL\PROJECTS\OPENJPEG\JPWL\ENCODER\JPWLENC\DEBUG\RS.OBJ
E:\JPEG2000\USEFUL\PROJECTS\OPENJPEG\JPWL\ENCODER\JPWLENC\DEBUG\RS.SBR
E:\JPEG2000\USEFUL\PROJECTS\OPENJPEG\JPWL\ENCODER\JPWLENC\DEBUG\T1.OBJ
E:\JPEG2000\USEFUL\PROJECTS\OPENJPEG\JPWL\ENCODER\JPWLENC\DEBUG\T1.SBR
E:\JPEG2000\USEFUL\PROJECTS\OPENJPEG\JPWL\ENCODER\JPWLENC\DEBUG\T2.OBJ
E:\JPEG2000\USEFUL\PROJECTS\OPENJPEG\JPWL\ENCODER\JPWLENC\DEBUG\T2.SBR
E:\JPEG2000\USEFUL\PROJECTS\OPENJPEG\JPWL\ENCODER\JPWLENC\DEBUG\TCD.OBJ
E:\JPEG2000\USEFUL\PROJECTS\OPENJPEG\JPWL\ENCODER\JPWLENC\DEBUG\TCD.SBR
E:\JPEG2000\USEFUL\PROJECTS\OPENJPEG\JPWL\ENCODER\JPWLENC\DEBUG\TGT.OBJ
E:\JPEG2000\USEFUL\PROJECTS\OPENJPEG\JPWL\ENCODER\JPWLENC\DEBUG\TGT.SBR
E:\JPEG2000\useful\Projects\openjpeg\jpwl\encoder\jpwlenc\Debug\vc100.idb
E:\JPEG2000\USEFUL\PROJECTS\OPENJPEG\JPWL\ENCODER\JPWLENC\DEBUG\VC100.PDB
E:\TASK\JPEG2000\PROJECTS\OPENJPEG\JPWL\ENCODER\JPWLENC\DEBUG\
E:\TASK\JPEG2000\PROJECTS\OPENJPEG\JPWL\ENCODER\JPWLENC\DEBUG\BIO.OBJ
E:\TASK\JPEG2000\PROJECTS\OPENJPEG\JPWL\ENCODER\JPWLENC\DEBUG\BIO.SBR
E:\TASK\JPEG2000\PROJECTS\OPENJPEG\JPWL\ENCODER\JPWLENC\DEBUG\CIO.OBJ
E:\TASK\JPEG2000\PROJECTS\OPENJPEG\JPWL\ENCODER\JPWLENC\DEBUG\CIO.SBR
E:\TASK\JPEG2000\PROJECTS\OPENJPEG\JPWL\ENCODER\JPWLENC\DEBUG\CONVERT.OBJ
E:\TASK\JPEG2000\PROJECTS\OPENJPEG\JPWL\ENCODER\JPWLENC\DEBUG\CONVERT.SBR
E:\TASK\JPEG2000\PROJECTS\OPENJPEG\JPWL\ENCODER\JPWLENC\DEBUG\DWT.OBJ
E:\TASK\JPEG2000\PROJECTS\OPENJPEG\JPWL\ENCODER\JPWLENC\DEBUG\DWT.SBR
E:\TASK\JPEG2000\PROJECTS\OPENJPEG\JPWL\ENCODER\JPWLENC\DEBUG\FIX.OBJ
E:\TASK\JPEG2000\PROJECTS\OPENJPEG\JPWL\ENCODER\JPWLENC\DEBUG\FIX.SBR
E:\TASK\JPEG2000\PROJECTS\OPENJPEG\JPWL\ENCODER\JPWLENC\DEBUG\GETOPT.OBJ
E:\TASK\JPEG2000\PROJECTS\OPENJPEG\JPWL\ENCODER\JPWLENC\DEBUG\GETOPT.SBR
E:\TASK\JPEG2000\PROJECTS\OPENJPEG\JPWL\ENCODER\JPWLENC\DEBUG\IMAGE_TO_J2K.BSC
E:\TASK\JPEG2000\PROJECTS\OPENJPEG\JPWL\ENCODER\JPWLENC\DEBUG\IMAGE_TO_J2K.EXE.EMBED.MANIFEST
E:\TASK\JPEG2000\PROJECTS\OPENJPEG\JPWL\ENCODER\JPWLENC\DEBUG\IMAGE_TO_J2K.EXE.EMBED.MANIFEST.RES
E:\TASK\JPEG2000\PROJECTS\OPENJPEG\JPWL\ENCODER\JPWLENC\DEBUG\IMAGE_TO_J2K.OBJ
E:\TASK\JPEG2000\PROJECTS\OPENJPEG\JPWL\ENCODER\JPWLENC\DEBUG\IMAGE_TO_J2K.SBR
E:\TASK\JPEG2000\PROJECTS\OPENJPEG\JPWL\ENCODER\JPWLENC\DEBUG\INT.OBJ
E:\TASK\JPEG2000\PROJECTS\OPENJPEG\JPWL\ENCODER\JPWLENC\DEBUG\INT.SBR
E:\TASK\JPEG2000\PROJECTS\OPENJPEG\JPWL\ENCODER\JPWLENC\DEBUG\J2K.OBJ
E:\TASK\JPEG2000\PROJECTS\OPENJPEG\JPWL\ENCODER\JPWLENC\DEBUG\J2K.SBR
E:\TASK\JPEG2000\PROJECTS\OPENJPEG\JPWL\ENCODER\JPWLENC\DEBUG\JP2.OBJ
E:\TASK\JPEG2000\PROJECTS\OPENJPEG\JPWL\ENCODER\JPWLENC\DEBUG\JP2.SBR
E:\TASK\JPEG2000\PROJECTS\OPENJPEG\JPWL\ENCODER\JPWLENC\DEBUG\JPT.OBJ
E:\TASK\JPEG2000\PROJECTS\OPENJPEG\JPWL\ENCODER\JPWLENC\DEBUG\JPT.SBR
E:\TASK\JPEG2000\PROJECTS\OPENJPEG\JPWL\ENCODER\JPWLENC\DEBUG\JPW.OBJ
E:\TASK\JPEG2000\PROJECTS\OPENJPEG\JPWL\ENCODER\JPWLENC\DEBUG\JPW.SBR
E:\TASK\JPEG2000\PROJECTS\OPENJPEG\JPWL\ENCODER\JPWLENC\DEBUG\MCT.OBJ
E:\TASK\JPEG2000\PROJECTS\OPENJPEG\JPWL\ENCODER\JPWLENC\DEBUG\MCT.SBR
E:\TASK\JPEG2000\PROJECTS\OPENJPEG\JPWL\ENCODER\JPWLENC\DEBUG\MQC.OBJ
E:\TASK\JPEG2000\PROJECTS\OPENJPEG\JPWL\ENCODER\JPWLENC\DEBUG\MQC.SBR
E:\TASK\JPEG2000\PROJECTS\OPENJPEG\JPWL\ENCODER\JPWLENC\DEBUG\PI.OBJ
E:\TASK\JPEG2000\PROJECTS\OPENJPEG\JPWL\ENCODER\JPWLENC\DEBUG\PI.SBR
E:\TASK\JPEG2000\PROJECTS\OPENJPEG\JPWL\ENCODER\JPWLENC\DEBUG\RAW.OBJ
E:\TASK\JPEG2000\PROJECTS\OPENJPEG\JPWL\ENCODER\JPWLENC\DEBUG\RAW.SBR
E:\TASK\JPEG2000\PROJECTS\OPENJPEG\JPWL\ENCODER\JPWLENC\DEBUG\RS.OBJ
E:\TASK\JPEG2000\PROJECTS\OPENJPEG\JPWL\ENCODER\JPWLENC\DEBUG\RS.SBR
E:\TASK\JPEG2000\PROJECTS\OPENJPEG\JPWL\ENCODER\JPWLENC\DEBUG\T1.OBJ
E:\TASK\JPEG2000\PROJECTS\OPENJPEG\JPWL\ENCODER\JPWLENC\DEBUG\T1.SBR
E:\TASK\JPEG2000\PROJECTS\OPENJPEG\JPWL\ENCODER\JPWLENC\DEBUG\T2.OBJ
E:\TASK\JPEG2000\PROJECTS\OPENJPEG\JPWL\ENCODER\JPWLENC\DEBUG\T2.SBR
E:\TASK\JPEG2000\PROJECTS\OPENJPEG\JPWL\ENCODER\JPWLENC\DEBUG\TCD.OBJ
E:\TASK\JPEG2000\PROJECTS\OPENJPEG\JPWL\ENCODER\JPWLENC\DEBUG\TCD.SBR
E:\TASK\JPEG2000\PROJECTS\OPENJPEG\JPWL\ENCODER\JPWLENC\DEBUG\TGT.OBJ
E:\TASK\JPEG2000\PROJECTS\OPENJPEG\JPWL\ENCODER\JPWLENC\DEBUG\TGT.SBR
E:\TASK\JPEG2000\PROJECTS\OPENJPEG\JPWL\ENCODER\JPWLENC\DEBUG\VC100.PDB
